Orchestra MMI/Temp/gradleOut/launcher/build/outputs/logs/manifest-merger-debug-report.txt
-- Merging decision tree log ---
manifest
ADDED from src\main\AndroidManifest.xml:3:1-6:12
INJECTED from src\main\AndroidManifest.xml:3:1-6:12
INJECTED from src\main\AndroidManifest.xml:3:1-6:12
INJECTED from src\main\AndroidManifest.xml:3:1-6:12
MERGED from [:unityLibrary] AndroidManifest.xml:3:1-85:12
MERGED from [:unityandroidpermissions:] AndroidManifest.xml:2:1-17:12
INJECTED from src\main\AndroidManifest.xml:3:1-6:12
INJECTED from src\main\AndroidManifest.xml:3:1-6:12
INJECTED from src\main\AndroidManifest.xml:3:1-6:12
	package
		ADDED from src\main\AndroidManifest.xml:3:70-104
		INJECTED from src\main\AndroidManifest.xml
		INJECTED from src\main\AndroidManifest.xml
	android:versionName
		INJECTED from src\main\AndroidManifest.xml
		ADDED from src\main\AndroidManifest.xml:3:1-6:12
		INJECTED from src\main\AndroidManifest.xml
	xmlns:tools
		ADDED from src\main\AndroidManifest.xml:3:105-151
	android:versionCode
		INJECTED from src\main\AndroidManifest.xml
		ADDED from src\main\AndroidManifest.xml:3:1-6:12
		INJECTED from src\main\AndroidManifest.xml
	xmlns:android
		ADDED from src\main\AndroidManifest.xml:3:11-69
	android:installLocation
		ADDED from src\main\AndroidManifest.xml:3:152-192
supports-screens
ADDED from src\main\AndroidManifest.xml:4:3-163
	android:largeScreens
		ADDED from src\main\AndroidManifest.xml:4:78-105
	android:smallScreens
		ADDED from src\main\AndroidManifest.xml:4:21-48
	android:normalScreens
		ADDED from src\main\AndroidManifest.xml:4:49-77
	android:xlargeScreens
		ADDED from src\main\AndroidManifest.xml:4:106-134
	android:anyDensity
		ADDED from src\main\AndroidManifest.xml:4:135-160
application
ADDED from src\main\AndroidManifest.xml:5:3-83
MERGED from [:unityLibrary] AndroidManifest.xml:48:5-83:19
MERGED from [:unityLibrary] AndroidManifest.xml:48:5-83:19
MERGED from [:unityandroidpermissions:] AndroidManifest.xml:11:5-15:19
MERGED from [:unityandroidpermissions:] AndroidManifest.xml:11:5-15:19
	android:label
		ADDED from src\main\AndroidManifest.xml:5:16-48
	android:icon
		ADDED from src\main\AndroidManifest.xml:5:49-80
uses-sdk
INJECTED from src\main\AndroidManifest.xml reason: use-sdk injection requested
INJECTED from src\main\AndroidManifest.xml
INJECTED from src\main\AndroidManifest.xml
MERGED from [:unityLibrary] AndroidManifest.xml:9:5-11:41
MERGED from [:unityLibrary] AndroidManifest.xml:9:5-11:41
MERGED from [:unityandroidpermissions:] AndroidManifest.xml:7:5-9:41
MERGED from [:unityandroidpermissions:] AndroidManifest.xml:7:5-9:41
INJECTED from src\main\AndroidManifest.xml
INJECTED from src\main\AndroidManifest.xml
	android:targetSdkVersion
		INJECTED from src\main\AndroidManifest.xml
		ADDED from src\main\AndroidManifest.xml
		INJECTED from src\main\AndroidManifest.xml
	android:minSdkVersion
		INJECTED from src\main\AndroidManifest.xml
		ADDED from src\main\AndroidManifest.xml
		INJECTED from src\main\AndroidManifest.xml
uses-feature#0x00030000
ADDED from [:unityLibrary] AndroidManifest.xml:13:5-54
	android:glEsVersion
		ADDED from [:unityLibrary] AndroidManifest.xml:13:19-51
uses-feature#android.hardware.vulkan.version
ADDED from [:unityLibrary] AndroidManifest.xml:14:5-16:36
	android:required
		ADDED from [:unityLibrary] AndroidManifest.xml:16:9-33
	android:name
		ADDED from [:unityLibrary] AndroidManifest.xml:15:9-55
uses-permission#android.permission.INTERNET
ADDED from [:unityLibrary] AndroidManifest.xml:18:5-67
	android:name
		ADDED from [:unityLibrary] AndroidManifest.xml:18:22-64
uses-permission#android.permission.ACCESS_FINE_LOCATION
ADDED from [:unityLibrary] AndroidManifest.xml:19:5-79
	android:name
		ADDED from [:unityLibrary] AndroidManifest.xml:19:22-76
uses-feature#android.hardware.location.gps
ADDED from [:unityLibrary] AndroidManifest.xml:21:5-23:36
	android:required
		ADDED from [:unityLibrary] AndroidManifest.xml:23:9-33
	android:name
		ADDED from [:unityLibrary] AndroidManifest.xml:22:9-53
uses-feature#android.hardware.location
ADDED from [:unityLibrary] AndroidManifest.xml:24:5-26:36
	android:required
		ADDED from [:unityLibrary] AndroidManifest.xml:26:9-33
	android:name
		ADDED from [:unityLibrary] AndroidManifest.xml:25:9-49
uses-permission#android.permission.RECORD_AUDIO
ADDED from [:unityLibrary] AndroidManifest.xml:28:5-71
	android:name
		ADDED from [:unityLibrary] AndroidManifest.xml:28:22-68
uses-permission#android.permission.MODIFY_AUDIO_SETTINGS
ADDED from [:unityLibrary] AndroidManifest.xml:29:5-80
	android:name
		ADDED from [:unityLibrary] AndroidManifest.xml:29:22-77
uses-permission#android.permission.BLUETOOTH
ADDED from [:unityLibrary] AndroidManifest.xml:30:5-68
	android:name
		ADDED from [:unityLibrary] AndroidManifest.xml:30:22-65
uses-feature#android.hardware.microphone
ADDED from [:unityLibrary] AndroidManifest.xml:32:5-34:36
	android:required
		ADDED from [:unityLibrary] AndroidManifest.xml:34:9-33
	android:name
		ADDED from [:unityLibrary] AndroidManifest.xml:33:9-51
uses-feature#android.hardware.sensor.accelerometer
ADDED from [:unityLibrary] AndroidManifest.xml:35:5-37:36
	android:required
		ADDED from [:unityLibrary] AndroidManifest.xml:37:9-33
	android:name
		ADDED from [:unityLibrary] AndroidManifest.xml:36:9-61
uses-feature#android.hardware.touchscreen
ADDED from [:unityLibrary] AndroidManifest.xml:38:5-40:36
	android:required
		ADDED from [:unityLibrary] AndroidManifest.xml:40:9-33
	android:name
		ADDED from [:unityLibrary] AndroidManifest.xml:39:9-52
uses-feature#android.hardware.touchscreen.multitouch
ADDED from [:unityLibrary] AndroidManifest.xml:41:5-43:36
	android:required
		ADDED from [:unityLibrary] AndroidManifest.xml:43:9-33
	android:name
		ADDED from [:unityLibrary] AndroidManifest.xml:42:9-63
uses-feature#android.hardware.touchscreen.multitouch.distinct
ADDED from [:unityLibrary] AndroidManifest.xml:44:5-46:36
	android:required
		ADDED from [:unityLibrary] AndroidManifest.xml:46:9-33
	android:name
		ADDED from [:unityLibrary] AndroidManifest.xml:45:9-72
activity#com.unity3d.player.UnityPlayerActivity
ADDED from [:unityLibrary] AndroidManifest.xml:49:9-66:20
	android:screenOrientation
		ADDED from [:unityLibrary] AndroidManifest.xml:55:13-51
	android:launchMode
		ADDED from [:unityLibrary] AndroidManifest.xml:53:13-44
	android:hardwareAccelerated
		ADDED from [:unityLibrary] AndroidManifest.xml:52:13-48
	android:resizeableActivity
		ADDED from [:unityLibrary] AndroidManifest.xml:54:13-47
	android:configChanges
		ADDED from [:unityLibrary] AndroidManifest.xml:51:13-194
	android:theme
		ADDED from [:unityLibrary] AndroidManifest.xml:56:13-54
	android:name
		ADDED from [:unityLibrary] AndroidManifest.xml:50:13-66
intent-filter#action:name:android.intent.action.MAIN+category:name:android.intent.category.LAUNCHER
ADDED from [:unityLibrary] AndroidManifest.xml:57:13-61:29
action#android.intent.action.MAIN
ADDED from [:unityLibrary] AndroidManifest.xml:58:17-69
	android:name
		ADDED from [:unityLibrary] AndroidManifest.xml:58:25-66
category#android.intent.category.LAUNCHER
ADDED from [:unityLibrary] AndroidManifest.xml:60:17-77
	android:name
		ADDED from [:unityLibrary] AndroidManifest.xml:60:27-74
meta-data#unityplayer.UnityActivity
ADDED from [:unityLibrary] AndroidManifest.xml:63:13-65:40
	android:value
		ADDED from [:unityLibrary] AndroidManifest.xml:65:17-37
	android:name
		ADDED from [:unityLibrary] AndroidManifest.xml:64:17-57
meta-data#unity.splash-mode
ADDED from [:unityLibrary] AndroidManifest.xml:68:9-70:33
	android:value
		ADDED from [:unityLibrary] AndroidManifest.xml:70:13-30
	android:name
		ADDED from [:unityLibrary] AndroidManifest.xml:69:13-45
meta-data#unity.splash-enable
ADDED from [:unityLibrary] AndroidManifest.xml:71:9-73:36
	android:value
		ADDED from [:unityLibrary] AndroidManifest.xml:73:13-33
	android:name
		ADDED from [:unityLibrary] AndroidManifest.xml:72:13-47
meta-data#unity.launch-fullscreen
ADDED from [:unityLibrary] AndroidManifest.xml:74:9-76:36
	android:value
		ADDED from [:unityLibrary] AndroidManifest.xml:76:13-33
	android:name
		ADDED from [:unityLibrary] AndroidManifest.xml:75:13-51
meta-data#unity.allow-resizable-window
ADDED from [:unityLibrary] AndroidManifest.xml:77:9-79:37
	android:value
		ADDED from [:unityLibrary] AndroidManifest.xml:79:13-34
	android:name
		ADDED from [:unityLibrary] AndroidManifest.xml:78:13-56
meta-data#unity.build-id
ADDED from [:unityLibrary] AndroidManifest.xml:80:9-82:68
	android:value
		ADDED from [:unityLibrary] AndroidManifest.xml:82:13-65
	android:name
		ADDED from [:unityLibrary] AndroidManifest.xml:81:13-42
meta-data#unityplayer.SkipPermissionsDialog
ADDED from [:unityandroidpermissions:] AndroidManifest.xml:12:9-14:36
	android:value
		ADDED from [:unityandroidpermissions:] AndroidManifest.xml:14:13-33
	android:name
		ADDED from [:unityandroidpermissions:] AndroidManifest.xml:13:13-61